2014-12-02 02:44:36:WARN main org.apache.hadoop.hbase.HBaseConfiguration - instantiating HBaseConfiguration() is deprecated. Please use HBaseConfiguration#create() to construct a plain Configuration
2014-12-02 02:44:37:DEBUG main org.apache.hadoop.metrics2.lib.MutableMetricsFactory - field org.apache.hadoop.metrics2.lib.MutableRate org.apache.hadoop.security.UserGroupInformation$UgiMetrics.loginSuccess with annotation @org.apache.hadoop.metrics2.annotation.Metric(about=, sampleName=Ops, always=false, type=DEFAULT, value=[Rate of successful kerberos logins and latency (milliseconds)], valueName=Time)
2014-12-02 02:44:37:DEBUG main org.apache.hadoop.metrics2.lib.MutableMetricsFactory - field org.apache.hadoop.metrics2.lib.MutableRate org.apache.hadoop.security.UserGroupInformation$UgiMetrics.loginFailure with annotation @org.apache.hadoop.metrics2.annotation.Metric(about=, sampleName=Ops, always=false, type=DEFAULT, value=[Rate of failed kerberos logins and latency (milliseconds)], valueName=Time)
2014-12-02 02:44:37:DEBUG main org.apache.hadoop.metrics2.lib.MutableMetricsFactory - field org.apache.hadoop.metrics2.lib.MutableRate org.apache.hadoop.security.UserGroupInformation$UgiMetrics.getGroups with annotation @org.apache.hadoop.metrics2.annotation.Metric(about=, sampleName=Ops, always=false, type=DEFAULT, value=[GetGroups], valueName=Time)
2014-12-02 02:44:37:DEBUG main org.apache.hadoop.metrics2.impl.MetricsSystemImpl - UgiMetrics, User and group related metrics
2014-12-02 02:44:37:DEBUG main org.apache.hadoop.security.authentication.util.KerberosName - Kerberos krb5 configuration not found, setting default realm to empty
2014-12-02 02:44:37:DEBUG main org.apache.hadoop.security.Groups -  Creating new Groups object
2014-12-02 02:44:37:DEBUG main org.apache.hadoop.util.Shell - Failed to detect a valid hadoop home directory
java.io.IOException: HADOOP_HOME or hadoop.home.dir are not set.
	at org.apache.hadoop.util.Shell.checkHadoopHome(Shell.java:302)
	at org.apache.hadoop.util.Shell.<clinit>(Shell.java:327)
	at org.apache.hadoop.util.StringUtils.<clinit>(StringUtils.java:79)
	at org.apache.hadoop.security.Groups.parseStaticMapping(Groups.java:104)
	at org.apache.hadoop.security.Groups.<init>(Groups.java:86)
	at org.apache.hadoop.security.Groups.<init>(Groups.java:66)
	at org.apache.hadoop.security.Groups.getUserToGroupsMappingService(Groups.java:280)
	at org.apache.hadoop.security.UserGroupInformation.initialize(UserGroupInformation.java:257)
	at org.apache.hadoop.security.UserGroupInformation.ensureInitialized(UserGroupInformation.java:234)
	at org.apache.hadoop.security.UserGroupInformation.loginUserFromSubject(UserGroupInformation.java:749)
	at org.apache.hadoop.security.UserGroupInformation.getLoginUser(UserGroupInformation.java:734)
	at org.apache.hadoop.security.UserGroupInformation.getCurrentUser(UserGroupInformation.java:607)
	at org.apache.hadoop.hbase.security.User$SecureHadoopUser.<init>(User.java:260)
	at org.apache.hadoop.hbase.security.User$SecureHadoopUser.<init>(User.java:256)
	at org.apache.hadoop.hbase.security.User.getCurrent(User.java:160)
	at org.apache.hadoop.hbase.security.UserProvider.getCurrent(UserProvider.java:89)
	at org.apache.hadoop.hbase.client.HConnectionKey.<init>(HConnectionKey.java:70)
	at org.apache.hadoop.hbase.client.HConnectionManager.getConnection(HConnectionManager.java:267)
	at org.apache.hadoop.hbase.client.HTable.<init>(HTable.java:197)
	at org.apache.hadoop.hbase.client.HTable.<init>(HTable.java:159)
	at yuanye.hbase.PutExample.main(PutExample.java:22)
	at sun.reflect.NativeMethodAccessorImpl.invoke0(Native Method)
	at sun.reflect.NativeMethodAccessorImpl.invoke(NativeMethodAccessorImpl.java:62)
	at sun.reflect.DelegatingMethodAccessorImpl.invoke(DelegatingMethodAccessorImpl.java:43)
	at java.lang.reflect.Method.invoke(Method.java:483)
	at com.intellij.rt.execution.application.AppMain.main(AppMain.java:134)
2014-12-02 02:44:37:ERROR main org.apache.hadoop.util.Shell - Failed to locate the winutils binary in the hadoop binary path
java.io.IOException: Could not locate executable null\bin\winutils.exe in the Hadoop binaries.
	at org.apache.hadoop.util.Shell.getQualifiedBinPath(Shell.java:355)
	at org.apache.hadoop.util.Shell.getWinUtilsPath(Shell.java:370)
	at org.apache.hadoop.util.Shell.<clinit>(Shell.java:363)
	at org.apache.hadoop.util.StringUtils.<clinit>(StringUtils.java:79)
	at org.apache.hadoop.security.Groups.parseStaticMapping(Groups.java:104)
	at org.apache.hadoop.security.Groups.<init>(Groups.java:86)
	at org.apache.hadoop.security.Groups.<init>(Groups.java:66)
	at org.apache.hadoop.security.Groups.getUserToGroupsMappingService(Groups.java:280)
	at org.apache.hadoop.security.UserGroupInformation.initialize(UserGroupInformation.java:257)
	at org.apache.hadoop.security.UserGroupInformation.ensureInitialized(UserGroupInformation.java:234)
	at org.apache.hadoop.security.UserGroupInformation.loginUserFromSubject(UserGroupInformation.java:749)
	at org.apache.hadoop.security.UserGroupInformation.getLoginUser(UserGroupInformation.java:734)
	at org.apache.hadoop.security.UserGroupInformation.getCurrentUser(UserGroupInformation.java:607)
	at org.apache.hadoop.hbase.security.User$SecureHadoopUser.<init>(User.java:260)
	at org.apache.hadoop.hbase.security.User$SecureHadoopUser.<init>(User.java:256)
	at org.apache.hadoop.hbase.security.User.getCurrent(User.java:160)
	at org.apache.hadoop.hbase.security.UserProvider.getCurrent(UserProvider.java:89)
	at org.apache.hadoop.hbase.client.HConnectionKey.<init>(HConnectionKey.java:70)
	at org.apache.hadoop.hbase.client.HConnectionManager.getConnection(HConnectionManager.java:267)
	at org.apache.hadoop.hbase.client.HTable.<init>(HTable.java:197)
	at org.apache.hadoop.hbase.client.HTable.<init>(HTable.java:159)
	at yuanye.hbase.PutExample.main(PutExample.java:22)
	at sun.reflect.NativeMethodAccessorImpl.invoke0(Native Method)
	at sun.reflect.NativeMethodAccessorImpl.invoke(NativeMethodAccessorImpl.java:62)
	at sun.reflect.DelegatingMethodAccessorImpl.invoke(DelegatingMethodAccessorImpl.java:43)
	at java.lang.reflect.Method.invoke(Method.java:483)
	at com.intellij.rt.execution.application.AppMain.main(AppMain.java:134)
2014-12-02 02:44:37:DEBUG main org.apache.hadoop.security.Groups - Group mapping impl=org.apache.hadoop.security.ShellBasedUnixGroupsMapping; cacheTimeout=300000; warningDeltaMs=5000
2014-12-02 02:44:37:DEBUG main org.apache.hadoop.security.UserGroupInformation - hadoop login
2014-12-02 02:44:37:DEBUG main org.apache.hadoop.security.UserGroupInformation - hadoop login commit
2014-12-02 02:44:37:DEBUG main org.apache.hadoop.security.UserGroupInformation - using local user:NTUserPrincipal: krick
2014-12-02 02:44:37:DEBUG main org.apache.hadoop.security.UserGroupInformation - UGI loginUser:krick (auth:SIMPLE)
2014-12-02 02:44:37:TRACE main org.apache.hadoop.hbase.zookeeper.ZKConfig - Skipped reading ZK properties file 'zoo.cfg' since 'hbase.config.read.zookeeper.config' was not set to true
2014-12-02 02:44:37:TRACE main org.apache.hadoop.hbase.zookeeper.ZKUtil - hconnection-0x458c1321 opening connection to ZooKeeper ensemble=127.0.0.1:2181
2014-12-02 02:44:37:INFO main org.apache.hadoop.hbase.zookeeper.RecoverableZooKeeper - Process identifier=hconnection-0x458c1321 connecting to ZooKeeper ensemble=127.0.0.1:2181
2014-12-02 02:44:37:INFO main org.apache.zookeeper.ZooKeeper - Client environment:zookeeper.version=3.4.5-1392090, built on 09/30/2012 17:52 GMT
2014-12-02 02:44:37:INFO main org.apache.zookeeper.ZooKeeper - Client environment:host.name=kali
2014-12-02 02:44:37:INFO main org.apache.zookeeper.ZooKeeper - Client environment:java.version=1.8.0_25
2014-12-02 02:44:37:INFO main org.apache.zookeeper.ZooKeeper - Client environment:java.vendor=Oracle Corporation
2014-12-02 02:44:37:INFO main org.apache.zookeeper.ZooKeeper - Client environment:java.home=C:\Program Files\Java\jdk1.8.0_25\jre
2014-12-02 02:44:37:INFO main org.apache.zookeeper.ZooKeeper - Client environment:java.class.path=C:\Program Files\Java\jdk1.8.0_25\jre\lib\charsets.jar;C:\Program Files\Java\jdk1.8.0_25\jre\lib\deploy.jar;C:\Program Files\Java\jdk1.8.0_25\jre\lib\javaws.jar;C:\Program Files\Java\jdk1.8.0_25\jre\lib\jce.jar;C:\Program Files\Java\jdk1.8.0_25\jre\lib\jfr.jar;C:\Program Files\Java\jdk1.8.0_25\jre\lib\jfxswt.jar;C:\Program Files\Java\jdk1.8.0_25\jre\lib\jsse.jar;C:\Program Files\Java\jdk1.8.0_25\jre\lib\management-agent.jar;C:\Program Files\Java\jdk1.8.0_25\jre\lib\plugin.jar;C:\Program Files\Java\jdk1.8.0_25\jre\lib\resources.jar;C:\Program Files\Java\jdk1.8.0_25\jre\lib\rt.jar;C:\Program Files\Java\jdk1.8.0_25\jre\lib\ext\access-bridge-64.jar;C:\Program Files\Java\jdk1.8.0_25\jre\lib\ext\cldrdata.jar;C:\Program Files\Java\jdk1.8.0_25\jre\lib\ext\dnsns.jar;C:\Program Files\Java\jdk1.8.0_25\jre\lib\ext\jaccess.jar;C:\Program Files\Java\jdk1.8.0_25\jre\lib\ext\jfxrt.jar;C:\Program Files\Java\jdk1.8.0_25\jre\lib\ext\localedata.jar;C:\Program Files\Java\jdk1.8.0_25\jre\lib\ext\nashorn.jar;C:\Program Files\Java\jdk1.8.0_25\jre\lib\ext\sunec.jar;C:\Program Files\Java\jdk1.8.0_25\jre\lib\ext\sunjce_provider.jar;C:\Program Files\Java\jdk1.8.0_25\jre\lib\ext\sunmscapi.jar;C:\Program Files\Java\jdk1.8.0_25\jre\lib\ext\sunpkcs11.jar;C:\Program Files\Java\jdk1.8.0_25\jre\lib\ext\zipfs.jar;D:\GitHub\Thinking_In_Java\java\target\classes;C:\Program Files (x86)\JetBrains\IntelliJ IDEA 13.1.2\lib\junit-4.11.jar;C:\Program Files (x86)\JetBrains\IntelliJ IDEA 13.1.2\lib\hamcrest-core-1.3.jar;C:\Program Files (x86)\JetBrains\IntelliJ IDEA 13.1.2\lib\hamcrest-library-1.3.jar;D:\GitHub\Thinking_In_Java\lib\javax.annotation.jar;D:\GitHub\Thinking_In_Java\lib\javax.ejb.jar;D:\GitHub\Thinking_In_Java\lib\javax.jms.jar;D:\GitHub\Thinking_In_Java\lib\javax.persistence.jar;D:\GitHub\Thinking_In_Java\lib\javax.transaction.jar;D:\GitHub\Thinking_In_Java\lib\javax.resource.jar;D:\GitHub\Thinking_In_Java\lib\javax.servlet.jar;D:\GitHub\Thinking_In_Java\lib\javax.servlet.jsp.jar;D:\GitHub\Thinking_In_Java\lib\javax.servlet.jsp.jstl.jar;C:\Users\krick\.m2\repository\org\apache\commons\commons-lang3\3.3.2\commons-lang3-3.3.2.jar;C:\Users\krick\.m2\repository\jdom\jdom\1.0\jdom-1.0.jar;C:\Users\krick\.m2\repository\org\mockito\mockito-all\1.9.5\mockito-all-1.9.5.jar;C:\Users\krick\.m2\repository\javax\mail\mail\1.4.7\mail-1.4.7.jar;C:\Users\krick\.m2\repository\javax\activation\activation\1.1\activation-1.1.jar;C:\Users\krick\.m2\repository\com\google\protobuf\protobuf-java\2.5.0\protobuf-java-2.5.0.jar;C:\Users\krick\.m2\repository\org\apache\hadoop\hadoop-client\2.5.0-cdh5.2.0\hadoop-client-2.5.0-cdh5.2.0.jar;C:\Users\krick\.m2\repository\org\apache\hadoop\hadoop-common\2.5.0-cdh5.2.0\hadoop-common-2.5.0-cdh5.2.0.jar;C:\Users\krick\.m2\repository\org\apache\hadoop\hadoop-annotations\2.5.0-cdh5.2.0\hadoop-annotations-2.5.0-cdh5.2.0.jar;C:\Users\krick\.m2\repository\com\google\guava\guava\11.0.2\guava-11.0.2.jar;C:\Users\krick\.m2\repository\com\google\code\findbugs\jsr305\1.3.9\jsr305-1.3.9.jar;C:\Users\krick\.m2\repository\commons-cli\commons-cli\1.2\commons-cli-1.2.jar;C:\Users\krick\.m2\repository\org\apache\commons\commons-math3\3.1.1\commons-math3-3.1.1.jar;C:\Users\krick\.m2\repository\xmlenc\xmlenc\0.52\xmlenc-0.52.jar;C:\Users\krick\.m2\repository\commons-httpclient\commons-httpclient\3.1\commons-httpclient-3.1.jar;C:\Users\krick\.m2\repository\commons-logging\commons-logging\1.1.3\commons-logging-1.1.3.jar;C:\Users\krick\.m2\repository\commons-codec\commons-codec\1.4\commons-codec-1.4.jar;C:\Users\krick\.m2\repository\commons-io\commons-io\1.3.2\commons-io-1.3.2.jar;C:\Users\krick\.m2\repository\commons-net\commons-net\3.1\commons-net-3.1.jar;C:\Users\krick\.m2\repository\commons-collections\commons-collections\3.2.1\commons-collections-3.2.1.jar;C:\Users\krick\.m2\repository\log4j\log4j\1.2.17\log4j-1.2.17.jar;C:\Users\krick\.m2\repository\commons-lang\commons-lang\2.6\commons-lang-2.6.jar;C:\Users\krick\.m2\repository\commons-configuration\commons-configuration\1.6\commons-configuration-1.6.jar;C:\Users\krick\.m2\repository\commons-digester\commons-digester\1.8\commons-digester-1.8.jar;C:\Users\krick\.m2\repository\commons-beanutils\commons-beanutils\1.7.0\commons-beanutils-1.7.0.jar;C:\Users\krick\.m2\repository\commons-beanutils\commons-beanutils-core\1.8.0\commons-beanutils-core-1.8.0.jar;C:\Users\krick\.m2\repository\org\slf4j\slf4j-api\1.6.4\slf4j-api-1.6.4.jar;C:\Users\krick\.m2\repository\org\slf4j\slf4j-log4j12\1.6.4\slf4j-log4j12-1.6.4.jar;C:\Users\krick\.m2\repository\org\codehaus\jackson\jackson-core-asl\1.9.13\jackson-core-asl-1.9.13.jar;C:\Users\krick\.m2\repository\org\codehaus\jackson\jackson-mapper-asl\1.9.13\jackson-mapper-asl-1.9.13.jar;C:\Users\krick\.m2\repository\org\apache\avro\avro\1.7.6-cdh5.2.0\avro-1.7.6-cdh5.2.0.jar;C:\Users\krick\.m2\repository\com\thoughtworks\paranamer\paranamer\2.3\paranamer-2.3.jar;C:\Users\krick\.m2\repository\org\xerial\snappy\snappy-java\1.0.5\snappy-java-1.0.5.jar;C:\Users\krick\.m2\repository\org\apache\commons\commons-compress\1.4.1\commons-compress-1.4.1.jar;C:\Users\krick\.m2\repository\org\tukaani\xz\1.0\xz-1.0.jar;C:\Users\krick\.m2\repository\com\google\code\gson\gson\2.2.4\gson-2.2.4.jar;C:\Users\krick\.m2\repository\org\apache\hadoop\hadoop-auth\2.5.0-cdh5.2.0\hadoop-auth-2.5.0-cdh5.2.0.jar;C:\Users\krick\.m2\repository\org\apache\httpcomponents\httpclient\4.2.5\httpclient-4.2.5.jar;C:\Users\krick\.m2\repository\org\apache\httpcomponents\httpcore\4.2.4\httpcore-4.2.4.jar;C:\Users\krick\.m2\repository\org\apache\directory\server\apacheds-kerberos-codec\2.0.0-M15\apacheds-kerberos-codec-2.0.0-M15.jar;C:\Users\krick\.m2\repository\org\apache\directory\server\apacheds-i18n\2.0.0-M15\apacheds-i18n-2.0.0-M15.jar;C:\Users\krick\.m2\repository\org\apache\directory\api\api-asn1-api\1.0.0-M20\api-asn1-api-1.0.0-M20.jar;C:\Users\krick\.m2\repository\org\apache\directory\api\api-util\1.0.0-M20\api-util-1.0.0-M20.jar;C:\Users\krick\.m2\repository\org\apache\zookeeper\zookeeper\3.4.5\zookeeper-3.4.5.jar;C:\Users\krick\.m2\repository\jline\jline\0.9.94\jline-0.9.94.jar;C:\Users\krick\.m2\repository\org\apache\curator\curator-framework\2.6.0\curator-framework-2.6.0.jar;C:\Users\krick\.m2\repository\org\apache\curator\curator-client\2.6.0\curator-client-2.6.0.jar;C:\Users\krick\.m2\repository\org\apache\curator\curator-recipes\2.6.0\curator-recipes-2.6.0.jar;C:\Users\krick\.m2\repository\org\apache\hadoop\hadoop-hdfs\2.5.0-cdh5.2.0\hadoop-hdfs-2.5.0-cdh5.2.0.jar;C:\Users\krick\.m2\repository\org\mortbay\jetty\jetty-util\6.1.26\jetty-util-6.1.26.jar;C:\Users\krick\.m2\repository\io\netty\netty\3.6.6.Final\netty-3.6.6.Final.jar;C:\Users\krick\.m2\repository\org\apache\hadoop\hadoop-mapreduce-client-app\2.5.0-cdh5.2.0\hadoop-mapreduce-client-app-2.5.0-cdh5.2.0.jar;C:\Users\krick\.m2\repository\org\apache\hadoop\hadoop-mapreduce-client-common\2.5.0-cdh5.2.0\hadoop-mapreduce-client-common-2.5.0-cdh5.2.0.jar;C:\Users\krick\.m2\repository\org\apache\hadoop\hadoop-yarn-common\2.5.0-cdh5.2.0\hadoop-yarn-common-2.5.0-cdh5.2.0.jar;C:\Users\krick\.m2\repository\org\apache\hadoop\hadoop-yarn-api\2.5.0-cdh5.2.0\hadoop-yarn-api-2.5.0-cdh5.2.0.jar;C:\Users\krick\.m2\repository\javax\xml\bind\jaxb-api\2.2.2\jaxb-api-2.2.2.jar;C:\Users\krick\.m2\repository\javax\xml\stream\stax-api\1.0-2\stax-api-1.0-2.jar;C:\Users\krick\.m2\repository\com\sun\jersey\jersey-core\1.9\jersey-core-1.9.jar;C:\Users\krick\.m2\repository\org\codehaus\jackson\jackson-jaxrs\1.9.13\jackson-jaxrs-1.9.13.jar;C:\Users\krick\.m2\repository\org\codehaus\jackson\jackson-xc\1.9.13\jackson-xc-1.9.13.jar;C:\Users\krick\.m2\repository\com\google\inject\guice\3.0\guice-3.0.jar;C:\Users\krick\.m2\repository\javax\inject\javax.inject\1\javax.inject-1.jar;C:\Users\krick\.m2\repository\aopalliance\aopalliance\1.0\aopalliance-1.0.jar;C:\Users\krick\.m2\repository\com\sun\jersey\jersey-server\1.9\jersey-server-1.9.jar;C:\Users\krick\.m2\repository\asm\asm\3.1\asm-3.1.jar;C:\Users\krick\.m2\repository\com\sun\jersey\jersey-json\1.9\jersey-json-1.9.jar;C:\Users\krick\.m2\repository\org\codehaus\jettison\jettison\1.1\jettison-1.1.jar;C:\Users\krick\.m2\repository\com\sun\xml\bind\jaxb-impl\2.2.3-1\jaxb-impl-2.2.3-1.jar;C:\Users\krick\.m2\repository\com\sun\jersey\contribs\jersey-guice\1.9\jersey-guice-1.9.jar;C:\Users\krick\.m2\repository\org\apache\hadoop\hadoop-yarn-client\2.5.0-cdh5.2.0\hadoop-yarn-client-2.5.0-cdh5.2.0.jar;C:\Users\krick\.m2\repository\com\sun\jersey\jersey-client\1.9\jersey-client-1.9.jar;C:\Users\krick\.m2\repository\org\apache\hadoop\hadoop-mapreduce-client-core\2.5.0-cdh5.2.0\hadoop-mapreduce-client-core-2.5.0-cdh5.2.0.jar;C:\Users\krick\.m2\repository\org\apache\hadoop\hadoop-yarn-server-common\2.5.0-cdh5.2.0\hadoop-yarn-server-common-2.5.0-cdh5.2.0.jar;C:\Users\krick\.m2\repository\org\fusesource\leveldbjni\leveldbjni-all\1.8\leveldbjni-all-1.8.jar;C:\Users\krick\.m2\repository\org\apache\hadoop\hadoop-mapreduce-client-shuffle\2.5.0-cdh5.2.0\hadoop-mapreduce-client-shuffle-2.5.0-cdh5.2.0.jar;C:\Users\krick\.m2\repository\javax\servlet\servlet-api\2.5\servlet-api-2.5.jar;C:\Users\krick\.m2\repository\org\apache\hadoop\hadoop-mapreduce-client-jobclient\2.5.0-cdh5.2.0\hadoop-mapreduce-client-jobclient-2.5.0-cdh5.2.0.jar;C:\Users\krick\.m2\repository\org\mortbay\jetty\jetty\6.1.26\jetty-6.1.26.jar;C:\Users\krick\.m2\repository\tomcat\jasper-compiler\5.5.23\jasper-compiler-5.5.23.jar;C:\Users\krick\.m2\repository\tomcat\jasper-runtime\5.5.23\jasper-runtime-5.5.23.jar;C:\Users\krick\.m2\repository\commons-el\commons-el\1.0\commons-el-1.0.jar;C:\Users\krick\.m2\repository\javax\servlet\jsp\jsp-api\2.1\jsp-api-2.1.jar;C:\Users\krick\.m2\repository\net\java\dev\jets3t\jets3t\0.9.0\jets3t-0.9.0.jar;C:\Users\krick\.m2\repository\com\jamesmurty\utils\java-xmlbuilder\0.4\java-xmlbuilder-0.4.jar;C:\Users\krick\.m2\repository\com\jcraft\jsch\0.1.42\jsch-0.1.42.jar;C:\Users\krick\.m2\repository\com\google\inject\extensions\guice-servlet\3.0\guice-servlet-3.0.jar;C:\Users\krick\.m2\repository\org\apache\hbase\hbase-common\0.98.6-cdh5.2.0\hbase-common-0.98.6-cdh5.2.0.jar;C:\Users\krick\.m2\repository\org\apache\hadoop\hadoop-core\2.5.0-mr1-cdh5.2.0\hadoop-core-2.5.0-mr1-cdh5.2.0.jar;C:\Users\krick\.m2\repository\hsqldb\hsqldb\1.8.0.10\hsqldb-1.8.0.10.jar;C:\Users\krick\.m2\repository\org\eclipse\jdt\core\3.1.1\core-3.1.1.jar;C:\Users\krick\.m2\repository\com\github\stephenc\findbugs\findbugs-annotations\1.3.9-1\findbugs-annotations-1.3.9-1.jar;C:\Users\krick\.m2\repository\junit\junit\4.11\junit-4.11.jar;C:\Users\krick\.m2\repository\org\hamcrest\hamcrest-core\1.3\hamcrest-core-1.3.jar;C:\Users\krick\.m2\repository\org\apache\hbase\hbase-client\0.98.6-cdh5.2.0\hbase-client-0.98.6-cdh5.2.0.jar;C:\Users\krick\.m2\repository\org\apache\hbase\hbase-protocol\0.98.6-cdh5.2.0\hbase-protocol-0.98.6-cdh5.2.0.jar;C:\Users\krick\.m2\repository\org\cloudera\htrace\htrace-core\2.01\htrace-core-2.01.jar;C:\Users\krick\.m2\repository\org\jboss\netty\netty\3.2.2.Final\netty-3.2.2.Final.jar;C:\Program Files (x86)\JetBrains\IntelliJ IDEA 13.1.2\lib\idea_rt.jar
2014-12-02 02:44:37:INFO main org.apache.zookeeper.ZooKeeper - Client environment:java.library.path=C:\Program Files\Java\jdk1.8.0_25\bin;C:\Windows\Sun\Java\bin;C:\Windows\system32;C:\Windows;C:\Program Files\Haskell\bin;C:\Program Files\Haskell Platform\2014.2.0.0\lib\extralibs\bin;C:\Program Files\Haskell Platform\2014.2.0.0\bin;C:\Program Files (x86)\Common Files\NetSarang;C:\ProgramData\Oracle\Java\javapath;C:\Windows\system32;C:\Windows;C:\Windows\System32\Wbem;C:\Windows\System32\WindowsPowerShell\v1.0\;C:\Program Files\OpenSSH\bin;C:\Program Files (x86)\apache-maven-3.2.1\bin;C:\Program Files\Java\jdk1.8.0_25\bin;C:\Program Files\Haskell Platform\2014.2.0.0\mingw\bin;C:\Program Files\MiKTeX 2.9\miktex\bin\x64\;C:\Program Files (x86)\Rational\Common;C:\MATLAB7\bin\win32;C:\Users\krick\AppData\Roaming\cabal\bin;C:\Users\krick\AppData\Local\Pandoc\;C:\Program Files\MiKTeX 2.9\miktex\bin\x64\;.
2014-12-02 02:44:37:INFO main org.apache.zookeeper.ZooKeeper - Client environment:java.io.tmpdir=C:\Users\krick\AppData\Local\Temp\
2014-12-02 02:44:37:INFO main org.apache.zookeeper.ZooKeeper - Client environment:java.compiler=<NA>
2014-12-02 02:44:37:INFO main org.apache.zookeeper.ZooKeeper - Client environment:os.name=Windows 8.1
2014-12-02 02:44:37:INFO main org.apache.zookeeper.ZooKeeper - Client environment:os.arch=amd64
2014-12-02 02:44:37:INFO main org.apache.zookeeper.ZooKeeper - Client environment:os.version=6.3
2014-12-02 02:44:37:INFO main org.apache.zookeeper.ZooKeeper - Client environment:user.name=krick
2014-12-02 02:44:37:INFO main org.apache.zookeeper.ZooKeeper - Client environment:user.home=C:\Users\krick
2014-12-02 02:44:37:INFO main org.apache.zookeeper.ZooKeeper - Client environment:user.dir=D:\GitHub\Thinking_In_Java
2014-12-02 02:44:37:INFO main org.apache.zookeeper.ZooKeeper - Initiating client connection, connectString=127.0.0.1:2181 sessionTimeout=60000 watcher=hconnection-0x458c1321, quorum=127.0.0.1:2181, baseZNode=/hbase
2014-12-02 02:44:37:DEBUG main org.apache.zookeeper.ClientCnxn - zookeeper.disableAutoWatchReset is false
2014-12-02 02:44:37:INFO main-SendThread(localhost.localdomain:2181) org.apache.zookeeper.ClientCnxn - Opening socket connection to server localhost.localdomain/127.0.0.1:2181. Will not attempt to authenticate using SASL (unknown error)
2014-12-02 02:44:37:INFO main-SendThread(localhost.localdomain:2181) org.apache.zookeeper.ClientCnxn - Socket connection established to localhost.localdomain/127.0.0.1:2181, initiating session
2014-12-02 02:44:37:DEBUG main-SendThread(localhost.localdomain:2181) org.apache.zookeeper.ClientCnxn - Session establishment request sent on localhost.localdomain/127.0.0.1:2181
2014-12-02 02:44:37:TRACE main-SendThread(localhost.localdomain:2181) org.apache.zookeeper.ClientCnxnSocket - readConnectResult 37 0x[0,0,0,0,0,0,ffffffea,60,1,4a,8,7e,ffffffe9,ffffffb9,2,ffffffd8,0,0,0,10,ffffffa1,17,12,ffffffec,ffffffc4,17,57,ffffffb5,71,6c,ffffffc1,ffffff9f,ffffffcc,ffffffcb,2,ffffffd1,0,]
2014-12-02 02:44:37:INFO main-SendThread(localhost.localdomain:2181) org.apache.zookeeper.ClientCnxn - Session establishment complete on server localhost.localdomain/127.0.0.1:2181, sessionid = 0x14a087ee9b902d8, negotiated timeout = 60000
2014-12-02 02:44:37:DEBUG main-EventThread org.apache.hadoop.hbase.zookeeper.ZooKeeperWatcher - hconnection-0x458c1321, quorum=127.0.0.1:2181, baseZNode=/hbase Received ZooKeeper Event, type=None, state=SyncConnected, path=null
2014-12-02 02:44:37:DEBUG main-SendThread(localhost.localdomain:2181) org.apache.zookeeper.ClientCnxn - Reading reply sessionid:0x14a087ee9b902d8, packet:: clientPath:null serverPath:null finished:false header:: 1,3  replyHeader:: 1,4119,0  request:: '/hbase/hbaseid,F  response:: s{25,1261,1413147812373,1417481841382,4,0,0,0,67,0,25} 
2014-12-02 02:44:37:DEBUG main-EventThread org.apache.hadoop.hbase.zookeeper.ZooKeeperWatcher - hconnection-0x458c1321-0x14a087ee9b902d8 connected
2014-12-02 02:44:37:DEBUG main-SendThread(localhost.localdomain:2181) org.apache.zookeeper.ClientCnxn - Reading reply sessionid:0x14a087ee9b902d8, packet:: clientPath:null serverPath:null finished:false header:: 2,4  replyHeader:: 2,4119,0  request:: '/hbase/hbaseid,F  response:: #ffffffff000146d61737465723a36303030306ffffffb855272e31050425546a2433373861626161612d393935302d343234342d383864632d323733363039313131663134,s{25,1261,1413147812373,1417481841382,4,0,0,0,67,0,25} 
2014-12-02 02:44:37:TRACE main org.apache.hadoop.hbase.zookeeper.ZKUtil - hconnection-0x458c1321-0x14a087ee9b902d8, quorum=127.0.0.1:2181, baseZNode=/hbase Retrieved 42 byte(s) of data from znode /hbase/hbaseid; data=PBUF\x0A$378abaaa-9950-4244-8...
2014-12-02 02:44:37:DEBUG main org.apache.hadoop.hdfs.BlockReaderLocal - dfs.client.use.legacy.blockreader.local = false
2014-12-02 02:44:37:DEBUG main org.apache.hadoop.hdfs.BlockReaderLocal - dfs.client.read.shortcircuit = false
2014-12-02 02:44:37:DEBUG main org.apache.hadoop.hdfs.BlockReaderLocal - dfs.client.domain.socket.data.traffic = false
2014-12-02 02:44:37:DEBUG main org.apache.hadoop.hdfs.BlockReaderLocal - dfs.domain.socket.path = /var/run/hdfs-sockets/dn
2014-12-02 02:44:37:DEBUG main org.apache.hadoop.hdfs.DFSClient - No KeyProvider found.
2014-12-02 02:44:37:DEBUG main org.apache.hadoop.io.retry.RetryUtils - multipleLinearRandomRetry = null
2014-12-02 02:44:37:DEBUG main org.apache.hadoop.ipc.Server - rpcKind=RPC_PROTOCOL_BUFFER, rpcRequestWrapperClass=class org.apache.hadoop.ipc.ProtobufRpcEngine$RpcRequestWrapper, rpcInvoker=org.apache.hadoop.ipc.ProtobufRpcEngine$Server$ProtoBufRpcInvoker@3c130745
2014-12-02 02:44:37:DEBUG main org.apache.hadoop.ipc.Client - getting client out of cache: org.apache.hadoop.ipc.Client@19bb07ed
2014-12-02 02:44:38:DEBUG main org.apache.hadoop.util.PerformanceAdvisory - Both short-circuit local reads and UNIX domain socket are disabled.
2014-12-02 02:44:38:DEBUG main org.apache.hadoop.hdfs.protocol.datatransfer.sasl.DataTransferSaslUtil - DataTransferProtocol not using SaslPropertiesResolver, no QOP found in configuration for dfs.data.transfer.protection
2014-12-02 02:44:38:DEBUG main org.apache.hadoop.ipc.RpcClient - Codec=org.apache.hadoop.hbase.codec.KeyValueCodec@4f32a3ad, compressor=null, tcpKeepAlive=true, tcpNoDelay=true, maxIdleTime=10000, maxRetries=0, fallbackAllowed=false, ping interval=60000ms, bind address=null
2014-12-02 02:44:38:DEBUG main-SendThread(localhost.localdomain:2181) org.apache.zookeeper.ClientCnxn - Reading reply sessionid:0x14a087ee9b902d8, packet:: clientPath:null serverPath:null finished:false header:: 3,4  replyHeader:: 3,4119,0  request:: '/hbase/meta-region-server,F  response:: #ffffffff0001a726567696f6e7365727665723a3630303230ffffffd0ffffffe4ffffffe1ffffffb7ffffff9824fffffff12150425546a20a13717569636b73746172742e636c6f756465726110fffffff4ffffffd4318ffffffdeffffff94fffffffdffffffc3ffffffa029100,s{1286,1286,1417481874497,1417481874497,0,0,0,0,71,0,1286} 
2014-12-02 02:44:38:TRACE main org.apache.hadoop.hbase.zookeeper.ZKUtil - hconnection-0x458c1321-0x14a087ee9b902d8, quorum=127.0.0.1:2181, baseZNode=/hbase Retrieved 40 byte(s) of data from znode /hbase/meta-region-server; data=quickstart.cloudera,60020,1417481767518
2014-12-02 02:44:40:DEBUG main-SendThread(localhost.localdomain:2181) org.apache.zookeeper.ClientCnxn - Reading reply sessionid:0x14a087ee9b902d8, packet:: clientPath:null serverPath:null finished:false header:: 4,4  replyHeader:: 4,4119,0  request:: '/hbase/meta-region-server,F  response:: #ffffffff0001a726567696f6e7365727665723a3630303230ffffffd0ffffffe4ffffffe1ffffffb7ffffff9824fffffff12150425546a20a13717569636b73746172742e636c6f756465726110fffffff4ffffffd4318ffffffdeffffff94fffffffdffffffc3ffffffa029100,s{1286,1286,1417481874497,1417481874497,0,0,0,0,71,0,1286} 
2014-12-02 02:44:40:TRACE main org.apache.hadoop.hbase.zookeeper.ZKUtil - hconnection-0x458c1321-0x14a087ee9b902d8, quorum=127.0.0.1:2181, baseZNode=/hbase Retrieved 40 byte(s) of data from znode /hbase/meta-region-server; data=quickstart.cloudera,60020,1417481767518
2014-12-02 02:44:40:DEBUG main-SendThread(localhost.localdomain:2181) org.apache.zookeeper.ClientCnxn - Reading reply sessionid:0x14a087ee9b902d8, packet:: clientPath:null serverPath:null finished:false header:: 5,4  replyHeader:: 5,4119,0  request:: '/hbase/table/hbase:meta,F  response:: #ffffffff000146d61737465723a3630303030ffffffb2ffffff9bffffffa5ffffffe362ffffffe6ffffff8affffffd25042554680,s{42,43,1413147841643,1413147841759,1,0,0,0,31,0,42} 
2014-12-02 02:44:40:TRACE main org.apache.hadoop.hbase.zookeeper.ZKUtil - hconnection-0x458c1321-0x14a087ee9b902d8, quorum=127.0.0.1:2181, baseZNode=/hbase Retrieved 6 byte(s) of data from znode /hbase/table/hbase:meta; data=PBUF\x08\x00
2014-12-02 02:44:40:DEBUG main-SendThread(localhost.localdomain:2181) org.apache.zookeeper.ClientCnxn - Reading reply sessionid:0x14a087ee9b902d8, packet:: clientPath:null serverPath:null finished:false header:: 6,4  replyHeader:: 6,4119,0  request:: '/hbase/meta-region-server,F  response:: #ffffffff0001a726567696f6e7365727665723a3630303230ffffffd0ffffffe4ffffffe1ffffffb7ffffff9824fffffff12150425546a20a13717569636b73746172742e636c6f756465726110fffffff4ffffffd4318ffffffdeffffff94fffffffdffffffc3ffffffa029100,s{1286,1286,1417481874497,1417481874497,0,0,0,0,71,0,1286} 
2014-12-02 02:44:40:TRACE main org.apache.hadoop.hbase.zookeeper.ZKUtil - hconnection-0x458c1321-0x14a087ee9b902d8, quorum=127.0.0.1:2181, baseZNode=/hbase Retrieved 40 byte(s) of data from znode /hbase/meta-region-server; data=quickstart.cloudera,60020,1417481767518
2014-12-02 02:44:41:DEBUG main-SendThread(localhost.localdomain:2181) org.apache.zookeeper.ClientCnxn - Reading reply sessionid:0x14a087ee9b902d8, packet:: clientPath:null serverPath:null finished:false header:: 7,4  replyHeader:: 7,4119,0  request:: '/hbase/table/hbase:meta,F  response:: #ffffffff000146d61737465723a3630303030ffffffb2ffffff9bffffffa5ffffffe362ffffffe6ffffff8affffffd25042554680,s{42,43,1413147841643,1413147841759,1,0,0,0,31,0,42} 
2014-12-02 02:44:41:TRACE main org.apache.hadoop.hbase.zookeeper.ZKUtil - hconnection-0x458c1321-0x14a087ee9b902d8, quorum=127.0.0.1:2181, baseZNode=/hbase Retrieved 6 byte(s) of data from znode /hbase/table/hbase:meta; data=PBUF\x08\x00
2014-12-02 02:44:41:DEBUG main-SendThread(localhost.localdomain:2181) org.apache.zookeeper.ClientCnxn - Reading reply sessionid:0x14a087ee9b902d8, packet:: clientPath:null serverPath:null finished:false header:: 8,4  replyHeader:: 8,4119,0  request:: '/hbase/meta-region-server,F  response:: #ffffffff0001a726567696f6e7365727665723a3630303230ffffffd0ffffffe4ffffffe1ffffffb7ffffff9824fffffff12150425546a20a13717569636b73746172742e636c6f756465726110fffffff4ffffffd4318ffffffdeffffff94fffffffdffffffc3ffffffa029100,s{1286,1286,1417481874497,1417481874497,0,0,0,0,71,0,1286} 
2014-12-02 02:44:41:TRACE main org.apache.hadoop.hbase.zookeeper.ZKUtil - hconnection-0x458c1321-0x14a087ee9b902d8, quorum=127.0.0.1:2181, baseZNode=/hbase Retrieved 40 byte(s) of data from znode /hbase/meta-region-server; data=quickstart.cloudera,60020,1417481767518
2014-12-02 02:44:42:DEBUG main-SendThread(localhost.localdomain:2181) org.apache.zookeeper.ClientCnxn - Reading reply sessionid:0x14a087ee9b902d8, packet:: clientPath:null serverPath:null finished:false header:: 9,4  replyHeader:: 9,4119,0  request:: '/hbase/table/hbase:meta,F  response:: #ffffffff000146d61737465723a3630303030ffffffb2ffffff9bffffffa5ffffffe362ffffffe6ffffff8affffffd25042554680,s{42,43,1413147841643,1413147841759,1,0,0,0,31,0,42} 
2014-12-02 02:44:42:TRACE main org.apache.hadoop.hbase.zookeeper.ZKUtil - hconnection-0x458c1321-0x14a087ee9b902d8, quorum=127.0.0.1:2181, baseZNode=/hbase Retrieved 6 byte(s) of data from znode /hbase/table/hbase:meta; data=PBUF\x08\x00
2014-12-02 02:44:42:DEBUG main-SendThread(localhost.localdomain:2181) org.apache.zookeeper.ClientCnxn - Reading reply sessionid:0x14a087ee9b902d8, packet:: clientPath:null serverPath:null finished:false header:: 10,4  replyHeader:: 10,4119,0  request:: '/hbase/meta-region-server,F  response:: #ffffffff0001a726567696f6e7365727665723a3630303230ffffffd0ffffffe4ffffffe1ffffffb7ffffff9824fffffff12150425546a20a13717569636b73746172742e636c6f756465726110fffffff4ffffffd4318ffffffdeffffff94fffffffdffffffc3ffffffa029100,s{1286,1286,1417481874497,1417481874497,0,0,0,0,71,0,1286} 
2014-12-02 02:44:42:TRACE main org.apache.hadoop.hbase.zookeeper.ZKUtil - hconnection-0x458c1321-0x14a087ee9b902d8, quorum=127.0.0.1:2181, baseZNode=/hbase Retrieved 40 byte(s) of data from znode /hbase/meta-region-server; data=quickstart.cloudera,60020,1417481767518
